Caught exception: ReferenceError: serverOptions is not defined
Express server listening on port 3000
Express server listening on port 3000
GET /
Express server listening on port 3000
GET /
GET /
Express server listening on port 3000
GET /
GET /assets/css/style.css
GET /assets/css/simple-sidebar.css
GET /bootstrap/dist/css/bootstrap.min.css
GET /bootstrap/dist/fonts/glyphicons-halflings-regular.woff2
GET /bootstrap/dist/js/bootstrap.min.js
GET /jquery/dist/jquery.js
#########app env: development. ##############
Express server listening on port 3000
GET /
GET /jquery-validation/dist/jquery.validate.js
GET /jquery/dist/jquery.min.js
GET /js/messageReporter.js
GET /bootstrap/dist/css/bootstrap.css
GET /images/footerLogo.png
GET /images/footerLogo.png
GET /bootstrap/dist/fonts/glyphicons-halflings-regular.woff2
GET /assets/Video/HotDogSquare.mp4
GET /assets/Video/HotDogSquare.mp4
GET /bootstrap/dist/css/bootstrap.css
GET /bootstrap/dist/css/bootstrap.css.map
#########app env: development. ##############
Express server listening on port 3000
GET /index2
GET /jquery/dist/jquery.min.js
GET /jquery-validation/dist/jquery.validate.js
GET /bootstrap/dist/css/bootstrap.css
GET /js/messageReporter.js
GET /images/footerLogo.png
GET /bootstrap/dist/css/bootstrap.css.map
GET /images/footerLogo.png
GET /bootstrap/dist/fonts/glyphicons-halflings-regular.woff2
GET /index2
GET /index2
GET /index2
GET /index2
GET /index2
GET /index2
GET /index2
GET /index2
GET /index2
GET /index2
GET /css/main.css
GET /index2
GET /css/main.css
GET /index2
GET /css/main.css
GET /index2
GET /css/main.css
GET /index2
GET /css/main.css
GET /index2
GET /css/main.css
GET /js/camera.js
GET /index2
GET /css/main.css
GET /index2
GET /css/main.css
GET /index2
GET /css/main.css
GET /index2
GET /css/main.css
GET /index2
GET /css/main.css
GET /index2
GET /css/main.css
GET /index2
GET /css/main.css
GET /css/main.css
GET /index2
GET /css/main.css
GET /index2
GET /css/main.css
GET /index2
GET /css/main.css
GET /index2
GET /css/main.css
GET /index2
GET /css/main.css
GET /index2
GET /css/main.css
GET /index2
GET /css/main.css
GET /index2
GET /css/main.css
GET /index2
GET /css/main.css
GET /index2
GET /css/main.css
GET /index2
GET /css/main.css
GET /index2
GET /css/main.css
GET /index2
GET /css/main.css
GET /index2
GET /css/main.css
GET /index2
GET /css/main.css
GET /index2
GET /css/main.css
GET /index2
GET /css/main.css
GET /index2
GET /css/main.css
GET /index2
GET /css/main.css
GET /index2
GET /css/main.css
GET /index2
GET /css/main.css
GET /index2
GET /css/main.css
GET /index2
GET /css/main.css
GET /index2
GET /css/main.css
GET /index2
GET /css/main.css
GET /index2
GET /css/main.css
GET /index2
GET /css/main.css
GET /index2
GET /css/main.css
GET /index2
GET /css/main.css
GET /index2
GET /css/main.css
GET /index2
GET /css/main.css
GET /index2
GET /css/main.css
GET /index2
GET /css/main.css
GET /index2
GET /css/main.css
GET /index2
GET /css/main.css
GET /index2
GET /css/main.css
GET /index2
GET /css/main.css
GET /index2
GET /css/main.css
GET /index2
GET /css/main.css
GET /index2
GET /css/main.css
GET /index2
GET /css/main.css
GET /index2
GET /css/main.css
GET /index2
GET /css/main.css
GET /index2
GET /css/main.css
GET /index
GET /
GET /jquery-validation/dist/jquery.validate.js
GET /jquery/dist/jquery.min.js
GET /bootstrap/dist/css/bootstrap.css
GET /js/messageReporter.js
GET /images/footerLogo.png
GET /bootstrap/dist/css/bootstrap.css.map
GET /bootstrap/dist/fonts/glyphicons-halflings-regular.woff2
GET /assets/Video/HotDogSquare.mp4
GET /assets/Video/HotDogSquare.mp4
GET /
GET /jquery-validation/dist/jquery.validate.js
GET /bootstrap/dist/css/bootstrap.css
GET /js/messageReporter.js
GET /images/footerLogo.png
GET /bootstrap/dist/css/bootstrap.css.map
GET /images/footerLogo.png
GET /bootstrap/dist/fonts/glyphicons-halflings-regular.woff2
GET /
GET /jquery-validation/dist/jquery.validate.js
GET /bootstrap/dist/css/bootstrap.css
GET /js/messageReporter.js
GET /images/footerLogo.png
GET /bootstrap/dist/css/bootstrap.css.map
GET /images/footerLogo.png
GET /bootstrap/dist/fonts/glyphicons-halflings-regular.woff2
GET /
GET /jquery/dist/jquery.min.js
GET /jquery-validation/dist/jquery.validate.js
GET /bootstrap/dist/css/bootstrap.css
GET /js/messageReporter.js
GET /images/footerLogo.png
GET /bootstrap/dist/css/bootstrap.css.map
GET /images/footerLogo.png
GET /bootstrap/dist/fonts/glyphicons-halflings-regular.woff2
GET /assets/Video/HotDogSquare.mp4
GET /index2
GET /css/main.css
GET /index2
GET /css/main.css
GET /index2
GET /css/main.css
GET /index2
GET /css/main.css
GET /index2
GET /css/main.css
GET /index2
GET /css/main.css
GET /index2
GET /css/main.css
GET /index2
GET /css/main.css
GET /index2
GET /css/main.css
GET /index2
GET /css/main.css
GET /index2
GET /css/main.css
GET /index2
GET /css/main.css
GET /index2
GET /css/main.css
GET /index2
GET /css/main.css
GET /index2
GET /css/main.css
GET /index2
GET /css/main.css
GET /index2
GET /css/main.css
GET /index2
GET /css/main.css
GET /index2
GET /css/main.css
GET /index2
GET /css/main.css
GET /index2
GET /css/main.css
GET /index2
GET /css/main.css
GET /index2
GET /css/main.css
GET /index2
GET /css/main.css
GET /index2
GET /css/main.css
GET /index2
GET /css/main.css
GET /index2
GET /css/main.css
GET /index2
GET /css/main.css
GET /index2
GET /css/main.css
GET /index2
GET /css/main.css
GET /index2
GET /css/main.css
GET /index2
GET /css/main.css
GET /index2
GET /css/main.css
GET /index2
GET /css/main.css
GET /index2
GET /css/main.css
GET /index2
GET /css/main.css
GET /index2
GET /css/main.css
GET /index2
GET /css/main.css
GET /index2
GET /css/main.css
GET /index2
GET /css/main.css
GET /index2
GET /css/main.css
GET /index2
GET /css/main.css
GET /index2
GET /css/main.css
GET /index2
GET /css/main.css
GET /index2
GET /css/main.css
GET /index2
GET /css/main.css
GET /index2
GET /css/main.css
GET /index2
GET /css/main.css
GET /index2
GET /css/main.css
GET /index2
GET /css/main.css
GET /index2
GET /css/main.css
GET /index2
GET /css/main.css
GET /index2
GET /css/main.css
GET /css/main.css
GET /index2
GET /css/main.css
GET /index2
GET /css/main.css
GET /index2
GET /css/main.css
GET /index2
GET /css/main.css
GET /index2
GET /css/main.css
GET /index2
GET /css/main.css
GET /index2
GET /css/main.css
GET /index2
GET /css/main.css
GET /index2
GET /css/main.css
GET /images/backgound.png
GET /index2
GET /css/main.css
GET /images/backgound.png
GET /index2
GET /css/main.css
GET /css/images/backgound.png
GET /index2
GET /css/main.css
GET /images/background.png
GET /index2
GET /css/main.css
GET /images/background.png
GET /css/main.css
GET /index2
GET /css/main.css
GET /images/background.png
GET /index2
GET /css/main.css
GET /images/background.png
GET /index2
GET /css/main.css
GET /images/background.png
GET /index2
GET /css/main.css
GET /images/background.png
GET /index2
GET /css/main.css
GET /images/background.png
GET /index2
GET /css/main.css
GET /images/background.png
GET /index2
GET /css/main.css
GET /images/background.png
GET /imagesProgress.png
GET /index2
GET /css/main.css
GET /images/background.png
GET /index2
GET /css/main.css
GET /images/background.png
#########app env: development. ##############
Express server listening on port 3000
GET /index2
GET /css/main.css
GET /images/background.png
GET /css/main.css
GET /index2
GET /css/main.css
GET /images/background.png
